<?xml version="1.0" encoding="UTF-8"?>
<!-- Generated by org.testng.reporters.JUnitXMLReporter -->
<testsuite hostname="NODE49" name="FirefoxTest1" tests="1" failures="0" timestamp="27 Oct 2014 07:27:13 GMT" time="0.016" errors="0">
  <testcase name="@BeforeMethod meth4" time="0.0" classname="selenium.Selenium2Test1">
    <failure type="org.testng.TestNGException" message="
Parameter &amp;apos;browser&amp;apos; is required by @Configuration on method meth4 but has not been marked @Optional or defined
in D:\Eclipse Workspace\Selenium2\testng.xml">
      <![CDATA[org.testng.TestNGException: 
Parameter 'browser' is required by @Configuration on method meth4 but has not been marked @Optional or defined
in D:\Eclipse Workspace\Selenium2\testng.xml
... Removed 23 stack frames]]>
    </failure>
  </testcase> <!-- @BeforeMethod meth4 -->
  <testcase name="@AfterMethod meth8" time="0.0" classname="selenium.Selenium2Test1">
    <skipped/>
  </testcase> <!-- @AfterMethod meth8 -->
  <testcase name="@AfterClass meth7" time="0.0" classname="selenium.Selenium2Test1">
    <skipped/>
  </testcase> <!-- @AfterClass meth7 -->
  <testcase name="@AfterTest meth6" time="0.0" classname="selenium.Selenium2Test1">
    <skipped/>
  </testcase> <!-- @AfterTest meth6 -->
  <testcase name="@AfterTest print1" time="0.0" classname="selenium.Selenium2Test1">
    <skipped/>
  </testcase> <!-- @AfterTest print1 -->
  <testcase name="elementPresent" time="0.0010" classname="selenium.Selenium2Test1">
    <skipped/>
  </testcase> <!-- elementPresent -->
</testsuite> <!-- FirefoxTest1 -->
