<?xml version="1.0" encoding="UTF-8"?>
<!-- Generated by org.testng.reporters.JUnitXMLReporter -->
<testsuite hostname="NODE49" name="ietest1" tests="1" failures="1" timestamp="28 Oct 2014 05:46:43 GMT" time="13.84" errors="0">
  <testcase name="handleAlertOnGoogle" time="10.043" classname="selenium.Selenium2Test1">
    <failure type="org.openqa.selenium.NoAlertPresentException" message="No alert is active (WARNING: The server did not provide any stacktrace information)
Command duration or timeout: 105 milliseconds
Build info: version: &amp;apos;2.42.2&amp;apos;, revision: &amp;apos;6a6995d&amp;apos;, time: &amp;apos;2014-06-03 17:42:30&amp;apos;
System info: host: &amp;apos;NODE49&amp;apos;, ip: &amp;apos;10.210.0.43&amp;apos;, os.name: &amp;apos;Windows 7&amp;apos;, os.arch: &amp;apos;amd64&amp;apos;, os.version: &amp;apos;6.1&amp;apos;, java.version: &amp;apos;1.6.0_45&amp;apos;
Session ID: 8df96745-7c9a-4a58-9462-d6692cdbecb9
Driver info: org.openqa.selenium.ie.InternetExplorerDriver
Capabilities [{platform=WINDOWS, cssSelectorsEnabled=true, javascriptEnabled=true, browserName=internet explorer, handlesAlerts=true, nativeEvents=true, takesScreenshot=true, version=8}]">
      <![CDATA[org.openqa.selenium.NoAlertPresentException: No alert is active (WARNING: The server did not provide any stacktrace information)
Command duration or timeout: 105 milliseconds
Build info: version: '2.42.2', revision: '6a6995d', time: '2014-06-03 17:42:30'
System info: host: 'NODE49', ip: '10.210.0.43', os.name: 'Windows 7', os.arch: 'amd64', os.version: '6.1', java.version: '1.6.0_45'
Session ID: 8df96745-7c9a-4a58-9462-d6692cdbecb9
Driver info: org.openqa.selenium.ie.InternetExplorerDriver
Capabilities [{platform=WINDOWS, cssSelectorsEnabled=true, javascriptEnabled=true, browserName=internet explorer, handlesAlerts=true, nativeEvents=true, takesScreenshot=true, version=8}]
	at org.openqa.selenium.remote.ErrorHandler.createThrowable(ErrorHandler.java:204)
	at org.openqa.selenium.remote.ErrorHandler.throwIfResponseFailed(ErrorHandler.java:156)
	at org.openqa.selenium.remote.RemoteWebDriver.execute(RemoteWebDriver.java:599)
	at org.openqa.selenium.remote.RemoteWebDriver.execute(RemoteWebDriver.java:614)
	at org.openqa.selenium.remote.RemoteWebDriver$RemoteTargetLocator.alert(RemoteWebDriver.java:899)
	at selenium.Selenium2Test1.handleAlertOnGoogle(Selenium2Test1.java:664)
... Removed 28 stack frames]]>
    </failure>
  </testcase> <!-- handleAlertOnGoogle -->
</testsuite> <!-- ietest1 -->
